2017/06/09 18:41:39 INFO  - jmeter.util.JMeterUtils: Setting Locale to en_US 
2017/06/09 18:41:39 INFO  - jmeter.JMeter: Loading user properties from: /Users/vijayakumar.eswaran/work/qa/jMeterCI/target/jmeter/bin/user.properties 
2017/06/09 18:41:39 INFO  - jmeter.JMeter: Loading system properties from: /Users/vijayakumar.eswaran/work/qa/jMeterCI/target/jmeter/bin/system.properties 
2017/06/09 18:41:39 INFO  - jmeter.JMeter: Copyright (c) 1998-2015 The Apache Software Foundation 
2017/06/09 18:41:39 INFO  - jmeter.JMeter: Version 2.13 r1665067 
2017/06/09 18:41:39 INFO  - jmeter.JMeter: java.version=1.8.0_91 
2017/06/09 18:41:39 INFO  - jmeter.JMeter: java.vm.name=Java HotSpot(TM) 64-Bit Server VM 
2017/06/09 18:41:39 INFO  - jmeter.JMeter: os.name=Mac OS X 
2017/06/09 18:41:39 INFO  - jmeter.JMeter: os.arch=x86_64 
2017/06/09 18:41:39 INFO  - jmeter.JMeter: os.version=10.11.6 
2017/06/09 18:41:39 INFO  - jmeter.JMeter: file.encoding=UTF-8 
2017/06/09 18:41:39 INFO  - jmeter.JMeter: Default Locale=English (United States) 
2017/06/09 18:41:39 INFO  - jmeter.JMeter: JMeter  Locale=English (United States) 
2017/06/09 18:41:39 INFO  - jmeter.JMeter: JMeterHome=/Users/vijayakumar.eswaran/work/qa/jMeterCI/target/jmeter 
2017/06/09 18:41:39 INFO  - jmeter.JMeter: user.dir  =/Users/vijayakumar.eswaran/work/qa/jMeterCI/target/jmeter/bin 
2017/06/09 18:41:39 INFO  - jmeter.JMeter: PWD       =/Users/vijayakumar.eswaran/work/qa/jMeterCI/target/jmeter/bin 
2017/06/09 18:41:39 INFO  - jmeter.JMeter: IP: 192.168.1.3 Name: India-VEswaran.local FullName: 192.168.1.3 
2017/06/09 18:41:39 INFO  - jmeter.services.FileServer: Default base='/Users/vijayakumar.eswaran/work/qa/jMeterCI/target/jmeter/bin' 
2017/06/09 18:41:39 INFO  - jmeter.services.FileServer: Set new base='/Users/vijayakumar.eswaran/work/qa/jMeterCI/src/test/jmeter' 
2017/06/09 18:41:40 INFO  - jmeter.save.SaveService: Testplan (JMX) version: 2.2. Testlog (JTL) version: 2.2 
2017/06/09 18:41:40 INFO  - jmeter.save.SaveService: Using SaveService properties file encoding UTF-8 
2017/06/09 18:41:40 INFO  - jmeter.save.SaveService: Using SaveService properties file version 1656252 
2017/06/09 18:41:40 INFO  - jmeter.save.SaveService: Using SaveService properties version 2.8 
2017/06/09 18:41:40 INFO  - jmeter.save.SaveService: All converter versions present and correct 
2017/06/09 18:41:40 INFO  - jmeter.save.SaveService: Loading file: /Users/vijayakumar.eswaran/work/qa/jMeterCI/src/test/jmeter/sample.jmx 
2017/06/09 18:41:40 INFO  - jmeter.protocol.http.sampler.HTTPSamplerBase: Cannot find .className property for htmlParser, using default 
2017/06/09 18:41:40 INFO  - jmeter.protocol.http.sampler.HTTPSamplerBase: Parser for text/html is  
2017/06/09 18:41:40 INFO  - jmeter.protocol.http.sampler.HTTPSamplerBase: Parser for application/xhtml+xml is  
2017/06/09 18:41:40 INFO  - jmeter.protocol.http.sampler.HTTPSamplerBase: Parser for application/xml is  
2017/06/09 18:41:40 INFO  - jmeter.protocol.http.sampler.HTTPSamplerBase: Parser for text/xml is  
2017/06/09 18:41:40 INFO  - jmeter.protocol.http.sampler.HTTPSamplerBase: Parser for text/vnd.wap.wml is org.apache.jmeter.protocol.http.parser.RegexpHTMLParser 
2017/06/09 18:41:40 ERROR - jmeter.JMeter: Error in NonGUIDriver java.lang.IllegalArgumentException: Problem loading XML from:'/Users/vijayakumar.eswaran/work/qa/jMeterCI/src/test/jmeter/sample.jmx', conversion error com.thoughtworks.xstream.converters.ConversionException: No field 'sentBytes' found in class 'org.apache.jmeter.samplers.SampleSaveConfiguration' : No field 'sentBytes' found in class 'org.apache.jmeter.samplers.SampleSaveConfiguration'
---- Debugging information ----
message             : No field 'sentBytes' found in class 'org.apache.jmeter.samplers.SampleSaveConfiguration'
cause-exception     : com.thoughtworks.xstream.converters.reflection.MissingFieldException
cause-message       : No field 'sentBytes' found in class 'org.apache.jmeter.samplers.SampleSaveConfiguration'
class               : org.apache.jmeter.samplers.SampleSaveConfiguration
required-type       : org.apache.jmeter.samplers.SampleSaveConfiguration
converter-type      : org.apache.jmeter.save.converters.SampleSaveConfigurationConverter
path                : /jmeterTestPlan/hashTree/hashTree/hashTree/ResultCollector/objProp/value/sentBytes
line number         : 94
class[1]            : org.apache.jmeter.testelement.property.ObjectProperty
converter-type[1]   : com.thoughtworks.xstream.converters.reflection.ReflectionConverter
class[2]            : org.apache.jmeter.reporters.ResultCollector
converter-type[2]   : org.apache.jmeter.save.converters.TestElementConverter
class[3]            : org.apache.jorphan.collections.ListedHashTree
converter-type[3]   : org.apache.jmeter.save.converters.HashTreeConverter
------------------------------- : No field 'sentBytes' found in class 'org.apache.jmeter.samplers.SampleSaveConfiguration' : No field 'sentBytes' found in class 'org.apache.jmeter.samplers.SampleSaveConfiguration'
---- Debugging information ----
message             : No field 'sentBytes' found in class 'org.apache.jmeter.samplers.SampleSaveConfiguration'
cause-exception     : com.thoughtworks.xstream.converters.reflection.MissingFieldException
cause-message       : No field 'sentBytes' found in class 'org.apache.jmeter.samplers.SampleSaveConfiguration'
class               : org.apache.jmeter.samplers.SampleSaveConfiguration
required-type       : org.apache.jmeter.samplers.SampleSaveConfiguration
converter-type      : org.apache.jmeter.save.converters.SampleSaveConfigurationConverter
path                : /jmeterTestPlan/hashTree/hashTree/hashTree/ResultCollector/objProp/value/sentBytes
line number         : 94
class[1]            : org.apache.jmeter.testelement.property.ObjectProperty
converter-type[1]   : com.thoughtworks.xstream.converters.reflection.ReflectionConverter
class[2]            : org.apache.jmeter.reporters.ResultCollector
converter-type[2]   : org.apache.jmeter.save.converters.TestElementConverter
class[3]            : org.apache.jorphan.collections.ListedHashTree
converter-type[3]   : org.apache.jmeter.save.converters.HashTreeConverter
-------------------------------
message             : No field 'sentBytes' found in class 'org.apache.jmeter.samplers.SampleSaveConfiguration' : No field 'sentBytes' found in class 'org.apache.jmeter.samplers.SampleSaveConfiguration'
---- Debugging information ----
message             : No field 'sentBytes' found in class 'org.apache.jmeter.samplers.SampleSaveConfiguration'
cause-exception     : com.thoughtworks.xstream.converters.reflection.MissingFieldException
cause-message       : No field 'sentBytes' found in class 'org.apache.jmeter.samplers.SampleSaveConfiguration'
class               : org.apache.jmeter.samplers.SampleSaveConfiguration
required-type       : org.apache.jmeter.samplers.SampleSaveConfiguration
converter-type      : org.apache.jmeter.save.converters.SampleSaveConfigurationConverter
path                : /jmeterTestPlan/hashTree/hashTree/hashTree/ResultCollector/objProp/value/sentBytes
line number         : 94
class[1]            : org.apache.jmeter.testelement.property.ObjectProperty
converter-type[1]   : com.thoughtworks.xstream.converters.reflection.ReflectionConverter
class[2]            : org.apache.jmeter.reporters.ResultCollector
converter-type[2]   : org.apache.jmeter.save.converters.TestElementConverter
class[3]            : org.apache.jorphan.collections.ListedHashTree
converter-type[3]   : org.apache.jmeter.save.converters.HashTreeConverter
-------------------------------
cause-exception     : com.thoughtworks.xstream.converters.ConversionException
cause-message       : No field 'sentBytes' found in class 'org.apache.jmeter.samplers.SampleSaveConfiguration' : No field 'sentBytes' found in class 'org.apache.jmeter.samplers.SampleSaveConfiguration'
first-jmeter-class  : org.apache.jmeter.save.converters.TestElementConverter.unmarshal(TestElementConverter.java:109)
class               : org.apache.jmeter.save.ScriptWrapper
required-type       : org.apache.jmeter.samplers.SampleSaveConfiguration
converter-type      : org.apache.jmeter.save.ScriptWrapperConverter
path                : /jmeterTestPlan/hashTree/hashTree/hashTree/ResultCollector/objProp/value/sentBytes
line number         : 94
version             : 2.13 r1665067
-------------------------------
	at org.apache.jmeter.save.SaveService.readTree(SaveService.java:586)
	at org.apache.jmeter.save.SaveService.loadTree(SaveService.java:537)
	at org.apache.jmeter.JMeter.runNonGui(JMeter.java:750)
	at org.apache.jmeter.JMeter.startNonGui(JMeter.java:737)
	at org.apache.jmeter.JMeter.start(JMeter.java:395)
	at sun.reflect.NativeMethodAccessorImpl.invoke0(Native Method)
	at sun.reflect.NativeMethodAccessorImpl.invoke(NativeMethodAccessorImpl.java:62)
	at sun.reflect.DelegatingMethodAccessorImpl.invoke(DelegatingMethodAccessorImpl.java:43)
	at java.lang.reflect.Method.invoke(Method.java:498)
	at org.apache.jmeter.NewDriver.main(NewDriver.java:264)
Caused by: com.thoughtworks.xstream.converters.ConversionException: No field 'sentBytes' found in class 'org.apache.jmeter.samplers.SampleSaveConfiguration' : No field 'sentBytes' found in class 'org.apache.jmeter.samplers.SampleSaveConfiguration'
---- Debugging information ----
message             : No field 'sentBytes' found in class 'org.apache.jmeter.samplers.SampleSaveConfiguration'
cause-exception     : com.thoughtworks.xstream.converters.reflection.MissingFieldException
cause-message       : No field 'sentBytes' found in class 'org.apache.jmeter.samplers.SampleSaveConfiguration'
class               : org.apache.jmeter.samplers.SampleSaveConfiguration
required-type       : org.apache.jmeter.samplers.SampleSaveConfiguration
converter-type      : org.apache.jmeter.save.converters.SampleSaveConfigurationConverter
path                : /jmeterTestPlan/hashTree/hashTree/hashTree/ResultCollector/objProp/value/sentBytes
line number         : 94
class[1]            : org.apache.jmeter.testelement.property.ObjectProperty
converter-type[1]   : com.thoughtworks.xstream.converters.reflection.ReflectionConverter
class[2]            : org.apache.jmeter.reporters.ResultCollector
converter-type[2]   : org.apache.jmeter.save.converters.TestElementConverter
class[3]            : org.apache.jorphan.collections.ListedHashTree
converter-type[3]   : org.apache.jmeter.save.converters.HashTreeConverter
------------------------------- : No field 'sentBytes' found in class 'org.apache.jmeter.samplers.SampleSaveConfiguration' : No field 'sentBytes' found in class 'org.apache.jmeter.samplers.SampleSaveConfiguration'
---- Debugging information ----
message             : No field 'sentBytes' found in class 'org.apache.jmeter.samplers.SampleSaveConfiguration'
cause-exception     : com.thoughtworks.xstream.converters.reflection.MissingFieldException
cause-message       : No field 'sentBytes' found in class 'org.apache.jmeter.samplers.SampleSaveConfiguration'
class               : org.apache.jmeter.samplers.SampleSaveConfiguration
required-type       : org.apache.jmeter.samplers.SampleSaveConfiguration
converter-type      : org.apache.jmeter.save.converters.SampleSaveConfigurationConverter
path                : /jmeterTestPlan/hashTree/hashTree/hashTree/ResultCollector/objProp/value/sentBytes
line number         : 94
class[1]            : org.apache.jmeter.testelement.property.ObjectProperty
converter-type[1]   : com.thoughtworks.xstream.converters.reflection.ReflectionConverter
class[2]            : org.apache.jmeter.reporters.ResultCollector
converter-type[2]   : org.apache.jmeter.save.converters.TestElementConverter
class[3]            : org.apache.jorphan.collections.ListedHashTree
converter-type[3]   : org.apache.jmeter.save.converters.HashTreeConverter
-------------------------------
message             : No field 'sentBytes' found in class 'org.apache.jmeter.samplers.SampleSaveConfiguration' : No field 'sentBytes' found in class 'org.apache.jmeter.samplers.SampleSaveConfiguration'
---- Debugging information ----
message             : No field 'sentBytes' found in class 'org.apache.jmeter.samplers.SampleSaveConfiguration'
cause-exception     : com.thoughtworks.xstream.converters.reflection.MissingFieldException
cause-message       : No field 'sentBytes' found in class 'org.apache.jmeter.samplers.SampleSaveConfiguration'
class               : org.apache.jmeter.samplers.SampleSaveConfiguration
required-type       : org.apache.jmeter.samplers.SampleSaveConfiguration
converter-type      : org.apache.jmeter.save.converters.SampleSaveConfigurationConverter
path                : /jmeterTestPlan/hashTree/hashTree/hashTree/ResultCollector/objProp/value/sentBytes
line number         : 94
class[1]            : org.apache.jmeter.testelement.property.ObjectProperty
converter-type[1]   : com.thoughtworks.xstream.converters.reflection.ReflectionConverter
class[2]            : org.apache.jmeter.reporters.ResultCollector
converter-type[2]   : org.apache.jmeter.save.converters.TestElementConverter
class[3]            : org.apache.jorphan.collections.ListedHashTree
converter-type[3]   : org.apache.jmeter.save.converters.HashTreeConverter
-------------------------------
cause-exception     : com.thoughtworks.xstream.converters.ConversionException
cause-message       : No field 'sentBytes' found in class 'org.apache.jmeter.samplers.SampleSaveConfiguration' : No field 'sentBytes' found in class 'org.apache.jmeter.samplers.SampleSaveConfiguration'
first-jmeter-class  : org.apache.jmeter.save.converters.TestElementConverter.unmarshal(TestElementConverter.java:109)
class               : org.apache.jmeter.save.ScriptWrapper
required-type       : org.apache.jmeter.samplers.SampleSaveConfiguration
converter-type      : org.apache.jmeter.save.ScriptWrapperConverter
path                : /jmeterTestPlan/hashTree/hashTree/hashTree/ResultCollector/objProp/value/sentBytes
line number         : 94
version             : 2.13 r1665067
-------------------------------
	at org.apache.jmeter.save.ScriptWrapperConverter.createConversionException(ScriptWrapperConverter.java:105)
	at org.apache.jmeter.save.ScriptWrapperConverter.unmarshal(ScriptWrapperConverter.java:99)
	at com.thoughtworks.xstream.core.TreeUnmarshaller.convert(TreeUnmarshaller.java:72)
	at com.thoughtworks.xstream.core.AbstractReferenceUnmarshaller.convert(AbstractReferenceUnmarshaller.java:65)
	at com.thoughtworks.xstream.core.TreeUnmarshaller.convertAnother(TreeUnmarshaller.java:66)
	at com.thoughtworks.xstream.core.TreeUnmarshaller.convertAnother(TreeUnmarshaller.java:50)
	at com.thoughtworks.xstream.core.TreeUnmarshaller.start(TreeUnmarshaller.java:134)
	at com.thoughtworks.xstream.core.AbstractTreeMarshallingStrategy.unmarshal(AbstractTreeMarshallingStrategy.java:32)
	at com.thoughtworks.xstream.XStream.unmarshal(XStream.java:1206)
	at com.thoughtworks.xstream.XStream.unmarshal(XStream.java:1190)
	at com.thoughtworks.xstream.XStream.fromXML(XStream.java:1061)
	at org.apache.jmeter.save.SaveService.readTree(SaveService.java:559)
	... 9 more
Caused by: com.thoughtworks.xstream.converters.ConversionException: No field 'sentBytes' found in class 'org.apache.jmeter.samplers.SampleSaveConfiguration' : No field 'sentBytes' found in class 'org.apache.jmeter.samplers.SampleSaveConfiguration'
---- Debugging information ----
message             : No field 'sentBytes' found in class 'org.apache.jmeter.samplers.SampleSaveConfiguration'
cause-exception     : com.thoughtworks.xstream.converters.reflection.MissingFieldException
cause-message       : No field 'sentBytes' found in class 'org.apache.jmeter.samplers.SampleSaveConfiguration'
class               : org.apache.jmeter.samplers.SampleSaveConfiguration
required-type       : org.apache.jmeter.samplers.SampleSaveConfiguration
converter-type      : org.apache.jmeter.save.converters.SampleSaveConfigurationConverter
path                : /jmeterTestPlan/hashTree/hashTree/hashTree/ResultCollector/objProp/value/sentBytes
line number         : 94
class[1]            : org.apache.jmeter.testelement.property.ObjectProperty
converter-type[1]   : com.thoughtworks.xstream.converters.reflection.ReflectionConverter
class[2]            : org.apache.jmeter.reporters.ResultCollector
converter-type[2]   : org.apache.jmeter.save.converters.TestElementConverter
class[3]            : org.apache.jorphan.collections.ListedHashTree
converter-type[3]   : org.apache.jmeter.save.converters.HashTreeConverter
-------------------------------
	at com.thoughtworks.xstream.core.TreeUnmarshaller.convert(TreeUnmarshaller.java:79)
	at com.thoughtworks.xstream.core.AbstractReferenceUnmarshaller.convert(AbstractReferenceUnmarshaller.java:65)
	at com.thoughtworks.xstream.core.TreeUnmarshaller.convertAnother(TreeUnmarshaller.java:66)
	at com.thoughtworks.xstream.converters.reflection.AbstractReflectionConverter.unmarshallField(AbstractReflectionConverter.java:480)
	at com.thoughtworks.xstream.converters.reflection.AbstractReflectionConverter.doUnmarshal(AbstractReflectionConverter.java:412)
	at com.thoughtworks.xstream.converters.reflection.AbstractReflectionConverter.unmarshal(AbstractReflectionConverter.java:263)
	at com.thoughtworks.xstream.core.TreeUnmarshaller.convert(TreeUnmarshaller.java:72)
	at com.thoughtworks.xstream.core.AbstractReferenceUnmarshaller.convert(AbstractReferenceUnmarshaller.java:65)
	at com.thoughtworks.xstream.core.TreeUnmarshaller.convertAnother(TreeUnmarshaller.java:66)
	at com.thoughtworks.xstream.core.TreeUnmarshaller.convertAnother(TreeUnmarshaller.java:50)
	at com.thoughtworks.xstream.converters.collections.AbstractCollectionConverter.readItem(AbstractCollectionConverter.java:71)
	at org.apache.jmeter.save.converters.TestElementConverter.unmarshal(TestElementConverter.java:109)
	at com.thoughtworks.xstream.core.TreeUnmarshaller.convert(TreeUnmarshaller.java:72)
	at com.thoughtworks.xstream.core.AbstractReferenceUnmarshaller.convert(AbstractReferenceUnmarshaller.java:65)
	at com.thoughtworks.xstream.core.TreeUnmarshaller.convertAnother(TreeUnmarshaller.java:66)
	at com.thoughtworks.xstream.core.TreeUnmarshaller.convertAnother(TreeUnmarshaller.java:50)
	at com.thoughtworks.xstream.converters.collections.AbstractCollectionConverter.readItem(AbstractCollectionConverter.java:71)
	at org.apache.jmeter.save.converters.HashTreeConverter.unmarshal(HashTreeConverter.java:67)
	at com.thoughtworks.xstream.core.TreeUnmarshaller.convert(TreeUnmarshaller.java:72)
	at com.thoughtworks.xstream.core.AbstractReferenceUnmarshaller.convert(AbstractReferenceUnmarshaller.java:65)
	at com.thoughtworks.xstream.core.TreeUnmarshaller.convertAnother(TreeUnmarshaller.java:66)
	at com.thoughtworks.xstream.core.TreeUnmarshaller.convertAnother(TreeUnmarshaller.java:50)
	at com.thoughtworks.xstream.converters.collections.AbstractCollectionConverter.readItem(AbstractCollectionConverter.java:71)
	at org.apache.jmeter.save.converters.HashTreeConverter.unmarshal(HashTreeConverter.java:67)
	at com.thoughtworks.xstream.core.TreeUnmarshaller.convert(TreeUnmarshaller.java:72)
	at com.thoughtworks.xstream.core.AbstractReferenceUnmarshaller.convert(AbstractReferenceUnmarshaller.java:65)
	at com.thoughtworks.xstream.core.TreeUnmarshaller.convertAnother(TreeUnmarshaller.java:66)
	at com.thoughtworks.xstream.core.TreeUnmarshaller.convertAnother(TreeUnmarshaller.java:50)
	at com.thoughtworks.xstream.converters.collections.AbstractCollectionConverter.readItem(AbstractCollectionConverter.java:71)
	at org.apache.jmeter.save.converters.HashTreeConverter.unmarshal(HashTreeConverter.java:67)
	at com.thoughtworks.xstream.core.TreeUnmarshaller.convert(TreeUnmarshaller.java:72)
	at com.thoughtworks.xstream.core.AbstractReferenceUnmarshaller.convert(AbstractReferenceUnmarshaller.java:65)
	at com.thoughtworks.xstream.core.TreeUnmarshaller.convertAnother(TreeUnmarshaller.java:66)
	at com.thoughtworks.xstream.core.TreeUnmarshaller.convertAnother(TreeUnmarshaller.java:50)
	at org.apache.jmeter.save.ScriptWrapperConverter.unmarshal(ScriptWrapperConverter.java:95)
	... 19 more
Caused by: com.thoughtworks.xstream.converters.reflection.MissingFieldException: No field 'sentBytes' found in class 'org.apache.jmeter.samplers.SampleSaveConfiguration'
	at com.thoughtworks.xstream.converters.reflection.FieldDictionary.field(FieldDictionary.java:94)
	at com.thoughtworks.xstream.converters.reflection.PureJavaReflectionProvider.getField(PureJavaReflectionProvider.java:189)
	at org.apache.jmeter.save.converters.SampleSaveConfigurationConverter.unmarshal(SampleSaveConfigurationConverter.java:164)
	at com.thoughtworks.xstream.core.TreeUnmarshaller.convert(TreeUnmarshaller.java:72)
	... 53 more

